[1] "args extracted from Makefile"
$vanilla
[1] "src/task3b.R"

$arg1a
[1] "../task1a/output/task1a.csv"

$arg3
[1] "cache/task3.csv"

$log
[1] "output/task3b.log"

$output
[1] "output/task3b.csv"

Observations: 1,000
Variables: 2
$ c1 <int> 257, 8, 877, 1402, 490, 983, 533, 219, 2430, 361, 717, 24, 19...
$ c2 <int> 0, 0, 0, 0, 0, 0, 2000, 1000, 0, 1000, 2000, 1000, 1000, 1000...
Observations: 26
Variables: 2
$ name <chr> "ALICE", "BOB", "CAROL", "DAVID", "ERIN", "FRANK", "GRACE",...
$ c1   <int> 257, 8, 877, 1402, 490, 983, 533, 219, 2430, 361, 717, 24, ...
Observations: 26
Variables: 3
$ name <chr> "ALICE", "BOB", "CAROL", "DAVID", "ERIN", "FRANK", "GRACE",...
$ c1   <int> 257, 8, 877, 1402, 490, 983, 533, 219, 2430, 361, 717, 24, ...
$ c1ln <dbl> 5.549076, 2.079442, 6.776507, 7.245655, 6.194405, 6.890609,...
